TN:
SF:script/DeployFundMe.s.sol
FN:11,DeployFundMe.setUp
FNDA:0,DeployFundMe.setUp
FN:13,DeployFundMe.run
FNDA:9,DeployFundMe.run
DA:14,9
DA:15,9
DA:17,9
DA:20,9
DA:22,9
DA:23,9
FNF:2
FNH:1
LF:6
LH:6
BRF:0
BRH:0
end_of_record
TN:
SF:script/HelperConfig.s.sol
FN:21,HelperConfig.
FNDA:9,HelperConfig.
DA:22,9
BRDA:22,0,0,-
BRDA:22,0,1,9
DA:23,0
DA:25,9
FN:29,HelperConfig.getSepoliahEthConfig
FNDA:0,HelperConfig.getSepoliahEthConfig
DA:30,0
DA:31,0
FN:37,HelperConfig.getOrCreateAnvilEthConfig
FNDA:9,HelperConfig.getOrCreateAnvilEthConfig
DA:39,9
BRDA:39,1,0,-
DA:40,0
DA:43,9
DA:44,9
DA:45,9
DA:46,9
DA:47,9
FNF:3
FNH:2
LF:12
LH:8
BRF:3
BRH:1
end_of_record
TN:
SF:src/FundMe.sol
FN:22,FundMe.
FNDA:9,FundMe.
DA:23,9
DA:24,9
FN:27,FundMe.fund
FNDA:12,FundMe.fund
DA:32,11
DA:33,11
FN:39,FundMe.withdraw
FNDA:3,FundMe.withdraw
DA:40,2
DA:41,8
DA:42,8
DA:45,2
DA:50,2
FN:53,FundMe.getPriceFeedVersion
FNDA:1,FundMe.getPriceFeedVersion
DA:54,1
FN:57,FundMe.getOwner
FNDA:8,FundMe.getOwner
DA:58,8
FN:62,FundMe.onlyOwner
FNDA:3,FundMe.onlyOwner
DA:63,3
BRDA:63,0,0,1
DA:64,1
FN:69,FundMe.enoughEth
FNDA:12,FundMe.enoughEth
DA:70,12
BRDA:70,1,0,1
DA:71,1
FN:85,FundMe.
FNDA:0,FundMe.
DA:86,0
FN:89,FundMe.getAddressToAmountFunded
FNDA:2,FundMe.getAddressToAmountFunded
DA:90,2
FN:93,FundMe.getFunder
FNDA:0,FundMe.getFunder
DA:94,0
FNF:10
FNH:8
LF:18
LH:16
BRF:2
BRH:2
end_of_record
TN:
SF:src/PriceConverter.sol
FN:11,PriceConverter.getPrice
FNDA:12,PriceConverter.getPrice
DA:12,12
DA:16,12
DA:22,12
DA:23,12
FN:26,PriceConverter.getConversionRate
FNDA:12,PriceConverter.getConversionRate
DA:29,12
DA:31,12
DA:33,12
FN:36,PriceConverter.getPriceFeedVersion
FNDA:1,PriceConverter.getPriceFeedVersion
DA:37,1
DA:39,1
FNF:3
FNH:3
LF:9
LH:9
BRF:0
BRH:0
end_of_record
TN:
SF:test/mocks/MockAggregatorV3Interface.sol
FN:26,MockV3Aggregator.
FNDA:9,MockV3Aggregator.
DA:27,9
DA:28,9
FN:31,MockV3Aggregator.updateAnswer
FNDA:9,MockV3Aggregator.updateAnswer
DA:32,9
DA:33,9
DA:34,9
DA:35,9
DA:36,9
DA:37,9
FN:40,MockV3Aggregator.updateRoundData
FNDA:0,MockV3Aggregator.updateRoundData
DA:41,0
DA:42,0
DA:43,0
DA:44,0
DA:45,0
DA:46,0
FN:49,MockV3Aggregator.getRoundData
FNDA:0,MockV3Aggregator.getRoundData
DA:54,0
FN:57,MockV3Aggregator.latestRoundData
FNDA:12,MockV3Aggregator.latestRoundData
DA:62,12
FN:71,MockV3Aggregator.description
FNDA:0,MockV3Aggregator.description
DA:72,0
FNF:6
FNH:3
LF:17
LH:9
BRF:0
BRH:0
end_of_record
